c:\users\мария балашова\documents\7 семестр\рпбд (менжулин)\lab1\lab1\debug\vc142.pdb
c:\users\мария балашова\documents\7 семестр\рпбд (менжулин)\lab1\lab1\debug\vc142.idb
c:\users\мария балашова\documents\7 семестр\рпбд (менжулин)\lab1\lab1\debug\route.obj
c:\users\мария балашова\documents\7 семестр\рпбд (менжулин)\lab1\lab1\debug\repository.obj
c:\users\мария балашова\documents\7 семестр\рпбд (менжулин)\lab1\lab1\debug\mapper.obj
c:\users\мария балашова\documents\7 семестр\рпбд (менжулин)\lab1\lab1\debug\main.obj
c:\users\мария балашова\documents\7 семестр\рпбд (менжулин)\lab1\lab1\debug\hotel.obj
c:\users\мария балашова\documents\7 семестр\рпбд (менжулин)\lab1\lab1\debug\flightsmapper.obj
c:\users\мария балашова\documents\7 семестр\рпбд (менжулин)\lab1\lab1\debug\flights.obj
c:\users\мария балашова\documents\7 семестр\рпбд (менжулин)\lab1\lab1\debug\employeemapper.obj
c:\users\мария балашова\documents\7 семестр\рпбд (менжулин)\lab1\lab1\debug\employee.obj
c:\users\мария балашова\documents\7 семестр\рпбд (менжулин)\lab1\lab1\debug\countrymapper.obj
c:\users\мария балашова\documents\7 семестр\рпбд (менжулин)\lab1\lab1\debug\country.obj
c:\users\мария балашова\documents\7 семестр\рпбд (менжулин)\lab1\lab1\debug\connect.obj
c:\users\мария балашова\documents\7 семестр\рпбд (менжулин)\lab1\lab1\debug\companymapper.obj
c:\users\мария балашова\documents\7 семестр\рпбд (менжулин)\lab1\lab1\debug\company.obj
c:\users\мария балашова\documents\7 семестр\рпбд (менжулин)\lab1\lab1\debug\clientmapper.obj
c:\users\мария балашова\documents\7 семестр\рпбд (менжулин)\lab1\lab1\debug\client.obj
c:\users\мария балашова\documents\7 семестр\рпбд (менжулин)\lab1\lab1\debug\citymapper.obj
c:\users\мария балашова\documents\7 семестр\рпбд (менжулин)\lab1\lab1\debug\city.obj
c:\users\мария балашова\documents\7 семестр\рпбд (менжулин)\lab1\lab1\debug\transfer.obj
c:\users\мария балашова\documents\7 семестр\рпбд (менжулин)\lab1\lab1\debug\ticket.obj
c:\users\мария балашова\documents\7 семестр\рпбд (менжулин)\lab1\lab1\debug\ticketmapper.obj
c:\users\мария балашова\documents\7 семестр\рпбд (менжулин)\lab1\lab1\debug\lab1.ilk
c:\users\мария балашова\documents\7 семестр\рпбд (менжулин)\lab1\debug\lab1.exe
c:\users\мария балашова\documents\7 семестр\рпбд (менжулин)\lab1\debug\lab1.pdb
c:\users\мария балашова\documents\7 семестр\рпбд (менжулин)\lab1\lab1\debug\lab1.tlog\cl.command.1.tlog
c:\users\мария балашова\documents\7 семестр\рпбд (менжулин)\lab1\lab1\debug\lab1.tlog\cl.read.1.tlog
c:\users\мария балашова\documents\7 семестр\рпбд (менжулин)\lab1\lab1\debug\lab1.tlog\cl.write.1.tlog
c:\users\мария балашова\documents\7 семестр\рпбд (менжулин)\lab1\lab1\debug\lab1.tlog\link.command.1.tlog
c:\users\мария балашова\documents\7 семестр\рпбд (менжулин)\lab1\lab1\debug\lab1.tlog\link.read.1.tlog
c:\users\мария балашова\documents\7 семестр\рпбд (менжулин)\lab1\lab1\debug\lab1.tlog\link.write.1.tlog
